<?xml version="1.0" encoding="UTF-8"?>
<testsuite xmlns:xsi="http://www.w3.org/2001/XMLSchema-instance" xsi:noNamespaceSchemaLocation="https://maven.apache.org/surefire/maven-surefire-plugin/xsd/surefire-test-report.xsd" version="3.0.2" name="com.expensezen.ExpenseZenApplicationTests" time="1.199" tests="1" errors="0" skipped="0" failures="0" flakes="0">
  <properties>
[...]
</properties>
  <testcase name="contextLoads" classname="com.expensezen.ExpenseZenApplicationTests" time="0.374">
    <system-out><![CDATA[11:41:50.678 [main] INFO org.springframework.test.context.support.AnnotationConfigContextLoaderUtils -- Could not detect default configuration classes for test class [com.expensezen.ExpenseZenApplicationTests]: ExpenseZenApplicationTests does not declare any static, non-private, non-final, nested classes annotated with @Configuration.
11:41:50.737 [main] INFO org.springframework.boot.test.context.SpringBootTestContextBootstrapper -- Found @SpringBootConfiguration com.expensezen.ExpenseZenApplication for test class com.expensezen.ExpenseZenApplicationTests
11:41:50.810 [main] INFO org.springframework.test.context.support.AnnotationConfigContextLoaderUtils -- Could not detect default configuration classes for test class [com.expensezen.ExpenseZenApplicationTests]: ExpenseZenApplicationTests does not declare any static, non-private, non-final, nested classes annotated with @Configuration.
11:41:50.811 [main] INFO org.springframework.boot.test.context.SpringBootTestContextBootstrapper -- Found @SpringBootConfiguration com.expensezen.ExpenseZenApplication for test class com.expensezen.ExpenseZenApplicationTests
11:41:50.860 [main] INFO org.springframework.boot.devtools.restart.RestartApplicationListener -- Restart disabled due to context in which it is running

  .   ____          _            __ _ _
 /\\ / ___'_ __ _ _(_)_ __  __ _ \ \ \ \
( ( )\___ | '_ | '_| | '_ \/ _` | \ \ \ \
 \\/  ___)| |_)| | | | | || (_| |  ) ) ) )
  '  |____| .__|_| |_|_| |_\__, | / / / /
 =========|_|==============|___/=/_/_/_/

 :: Spring Boot ::                (v4.1.0)

2026-08-06T11:41:50.977+05:30  INFO 73824 --- [expensezen-backend] [           main] c.expensezen.ExpenseZenApplicationTests  : Starting ExpenseZenApplicationTests using Java 26.0.1 with PID 73824 (started by abhiram in /Users/abhiram/Documents/GitHub/ExpenseZen/expensezen-backend)
2026-08-06T11:41:50.978+05:30  INFO 73824 --- [expensezen-backend] [           main] c.expensezen.ExpenseZenApplicationTests  : No active profile set, falling back to 1 default profile: "default"
2026-08-06T11:41:51.418+05:30  INFO 73824 --- [expensezen-backend] [           main] c.expensezen.ExpenseZenApplicationTests  : Started ExpenseZenApplicationTests in 0.565 seconds (process running for 1.123)
]]></system-out>
    <system-err><![CDATA[Mockito is currently self-attaching to enable the inline-mock-maker. This will no longer work in future releases of the JDK. Please add Mockito as an agent to your build as described in Mockito's documentation: https://javadoc.io/doc/org.mockito/mockito-core/latest/org.mockito/org/mockito/Mockito.html#0.3
WARNING: A Java agent has been loaded dynamically (/Users/abhiram/.m2/repository/net/bytebuddy/byte-buddy-agent/1.18.10/byte-buddy-agent-1.18.10.jar)
WARNING: If a serviceability tool is in use, please run with -XX:+EnableDynamicAgentLoading to hide this warning
WARNING: If a serviceability tool is not in use, please run with -Djdk.instrument.traceUsage for more information
WARNING: Dynamic loading of agents will be disallowed by default in a future release
]]></system-err>
  </testcase>
</testsuite>